[0.017s] Invoking command in '/home/abdulrahman/turtlebot3_ws/build/turtlebot3_description': CMAKE_PREFIX_PATH=${CMAKE_PREFIX_PATH}:/home/abdulrahman/carla-ros-bridge/catkin_ws/install/rqt_carla_control:/home/abdulrahman/carla-ros-bridge/catkin_ws/install/carla_waypoint_publisher:/home/abdulrahman/carla-ros-bridge/catkin_ws/install/carla_ackermann_control:/home/abdulrahman/carla-ros-bridge/catkin_ws/install/carla_ros_bridge:/home/abdulrahman/carla-ros-bridge/catkin_ws/install/carla_spawn_objects:/home/abdulrahman/carla-ros-bridge/catkin_ws/install/carla_manual_control:/home/abdulrahman/carla-ros-bridge/catkin_ws/install/carla_ad_agent:/home/abdulrahman/carla-ros-bridge/catkin_ws/install/ros_compatibility:/home/abdulrahman/carla-ros-bridge/catkin_ws/install/carla_walker_agent:/home/abdulrahman/carla-ros-bridge/catkin_ws/install/carla_twist_to_control:/home/abdulrahman/carla-ros-bridge/catkin_ws/install/carla_ros_scenario_runner:/home/abdulrahman/carla-ros-bridge/catkin_ws/install/carla_common:/home/abdulrahman/orbit_carla_ws/install/map_publisher:/opt/ros/humble /usr/bin/cmake /home/abdulrahman/turtlebot3_ws/src/turtlebot3/turtlebot3_description -DAMENT_CMAKE_SYMLINK_INSTALL=1 -DCMAKE_INSTALL_PREFIX=/home/abdulrahman/turtlebot3_ws/install/turtlebot3_description
[0.103s] -- The C compiler identification is GNU 11.4.0
[0.156s] -- The CXX compiler identification is GNU 11.4.0
[0.162s] -- Detecting C compiler ABI info
[0.207s] -- Detecting C compiler ABI info - done
[0.212s] -- Check for working C compiler: /usr/bin/cc - skipped
[0.213s] -- Detecting C compile features
[0.213s] -- Detecting C compile features - done
[0.215s] -- Detecting CXX compiler ABI info
[0.259s] -- Detecting CXX compiler ABI info - done
[0.265s] -- Check for working CXX compiler: /usr/bin/c++ - skipped
[0.265s] -- Detecting CXX compile features
[0.265s] -- Detecting CXX compile features - done
[0.268s] -- Found ament_cmake: 1.3.11 (/opt/ros/humble/share/ament_cmake/cmake)
[0.491s] -- Found Python3: /usr/bin/python3 (found version "3.10.12") found components: Interpreter 
[0.528s] -- Override CMake install command with custom implementation using symlinks instead of copying resources
[0.560s] -- Found urdf: 2.6.1 (/opt/ros/humble/share/urdf/cmake)
[0.643s] -- Configuring done
[0.645s] -- Generating done
[0.646s] -- Build files have been written to: /home/abdulrahman/turtlebot3_ws/build/turtlebot3_description
[0.651s] Invoked command in '/home/abdulrahman/turtlebot3_ws/build/turtlebot3_description' returned '0': CMAKE_PREFIX_PATH=${CMAKE_PREFIX_PATH}:/home/abdulrahman/carla-ros-bridge/catkin_ws/install/rqt_carla_control:/home/abdulrahman/carla-ros-bridge/catkin_ws/install/carla_waypoint_publisher:/home/abdulrahman/carla-ros-bridge/catkin_ws/install/carla_ackermann_control:/home/abdulrahman/carla-ros-bridge/catkin_ws/install/carla_ros_bridge:/home/abdulrahman/carla-ros-bridge/catkin_ws/install/carla_spawn_objects:/home/abdulrahman/carla-ros-bridge/catkin_ws/install/carla_manual_control:/home/abdulrahman/carla-ros-bridge/catkin_ws/install/carla_ad_agent:/home/abdulrahman/carla-ros-bridge/catkin_ws/install/ros_compatibility:/home/abdulrahman/carla-ros-bridge/catkin_ws/install/carla_walker_agent:/home/abdulrahman/carla-ros-bridge/catkin_ws/install/carla_twist_to_control:/home/abdulrahman/carla-ros-bridge/catkin_ws/install/carla_ros_scenario_runner:/home/abdulrahman/carla-ros-bridge/catkin_ws/install/carla_common:/home/abdulrahman/orbit_carla_ws/install/map_publisher:/opt/ros/humble /usr/bin/cmake /home/abdulrahman/turtlebot3_ws/src/turtlebot3/turtlebot3_description -DAMENT_CMAKE_SYMLINK_INSTALL=1 -DCMAKE_INSTALL_PREFIX=/home/abdulrahman/turtlebot3_ws/install/turtlebot3_description
[0.653s] Invoking command in '/home/abdulrahman/turtlebot3_ws/build/turtlebot3_description': CMAKE_PREFIX_PATH=${CMAKE_PREFIX_PATH}:/home/abdulrahman/carla-ros-bridge/catkin_ws/install/rqt_carla_control:/home/abdulrahman/carla-ros-bridge/catkin_ws/install/carla_waypoint_publisher:/home/abdulrahman/carla-ros-bridge/catkin_ws/install/carla_ackermann_control:/home/abdulrahman/carla-ros-bridge/catkin_ws/install/carla_ros_bridge:/home/abdulrahman/carla-ros-bridge/catkin_ws/install/carla_spawn_objects:/home/abdulrahman/carla-ros-bridge/catkin_ws/install/carla_manual_control:/home/abdulrahman/carla-ros-bridge/catkin_ws/install/carla_ad_agent:/home/abdulrahman/carla-ros-bridge/catkin_ws/install/ros_compatibility:/home/abdulrahman/carla-ros-bridge/catkin_ws/install/carla_walker_agent:/home/abdulrahman/carla-ros-bridge/catkin_ws/install/carla_twist_to_control:/home/abdulrahman/carla-ros-bridge/catkin_ws/install/carla_ros_scenario_runner:/home/abdulrahman/carla-ros-bridge/catkin_ws/install/carla_common:/home/abdulrahman/orbit_carla_ws/install/map_publisher:/opt/ros/humble /usr/bin/cmake --build /home/abdulrahman/turtlebot3_ws/build/turtlebot3_description -- -j32 -l32
[0.674s] Invoked command in '/home/abdulrahman/turtlebot3_ws/build/turtlebot3_description' returned '0': CMAKE_PREFIX_PATH=${CMAKE_PREFIX_PATH}:/home/abdulrahman/carla-ros-bridge/catkin_ws/install/rqt_carla_control:/home/abdulrahman/carla-ros-bridge/catkin_ws/install/carla_waypoint_publisher:/home/abdulrahman/carla-ros-bridge/catkin_ws/install/carla_ackermann_control:/home/abdulrahman/carla-ros-bridge/catkin_ws/install/carla_ros_bridge:/home/abdulrahman/carla-ros-bridge/catkin_ws/install/carla_spawn_objects:/home/abdulrahman/carla-ros-bridge/catkin_ws/install/carla_manual_control:/home/abdulrahman/carla-ros-bridge/catkin_ws/install/carla_ad_agent:/home/abdulrahman/carla-ros-bridge/catkin_ws/install/ros_compatibility:/home/abdulrahman/carla-ros-bridge/catkin_ws/install/carla_walker_agent:/home/abdulrahman/carla-ros-bridge/catkin_ws/install/carla_twist_to_control:/home/abdulrahman/carla-ros-bridge/catkin_ws/install/carla_ros_scenario_runner:/home/abdulrahman/carla-ros-bridge/catkin_ws/install/carla_common:/home/abdulrahman/orbit_carla_ws/install/map_publisher:/opt/ros/humble /usr/bin/cmake --build /home/abdulrahman/turtlebot3_ws/build/turtlebot3_description -- -j32 -l32
[0.674s] Invoking command in '/home/abdulrahman/turtlebot3_ws/build/turtlebot3_description': CMAKE_PREFIX_PATH=${CMAKE_PREFIX_PATH}:/home/abdulrahman/carla-ros-bridge/catkin_ws/install/rqt_carla_control:/home/abdulrahman/carla-ros-bridge/catkin_ws/install/carla_waypoint_publisher:/home/abdulrahman/carla-ros-bridge/catkin_ws/install/carla_ackermann_control:/home/abdulrahman/carla-ros-bridge/catkin_ws/install/carla_ros_bridge:/home/abdulrahman/carla-ros-bridge/catkin_ws/install/carla_spawn_objects:/home/abdulrahman/carla-ros-bridge/catkin_ws/install/carla_manual_control:/home/abdulrahman/carla-ros-bridge/catkin_ws/install/carla_ad_agent:/home/abdulrahman/carla-ros-bridge/catkin_ws/install/ros_compatibility:/home/abdulrahman/carla-ros-bridge/catkin_ws/install/carla_walker_agent:/home/abdulrahman/carla-ros-bridge/catkin_ws/install/carla_twist_to_control:/home/abdulrahman/carla-ros-bridge/catkin_ws/install/carla_ros_scenario_runner:/home/abdulrahman/carla-ros-bridge/catkin_ws/install/carla_common:/home/abdulrahman/orbit_carla_ws/install/map_publisher:/opt/ros/humble /usr/bin/cmake --install /home/abdulrahman/turtlebot3_ws/build/turtlebot3_description
[0.679s] -- Install configuration: ""
[0.679s] -- Execute custom install script
[0.680s] -- Symlinking: /home/abdulrahman/turtlebot3_ws/install/turtlebot3_description/share/turtlebot3_description/meshes/bases/burger_base.stl
[0.686s] -- Symlinking: /home/abdulrahman/turtlebot3_ws/install/turtlebot3_description/share/turtlebot3_description/meshes/bases/waffle_base.stl
[0.692s] -- Symlinking: /home/abdulrahman/turtlebot3_ws/install/turtlebot3_description/share/turtlebot3_description/meshes/bases/waffle_pi_base.stl
[0.696s] -- Symlinking: /home/abdulrahman/turtlebot3_ws/install/turtlebot3_description/share/turtlebot3_description/meshes/sensors/astra.dae
[0.701s] -- Symlinking: /home/abdulrahman/turtlebot3_ws/install/turtlebot3_description/share/turtlebot3_description/meshes/sensors/astra.jpg
[0.708s] -- Symlinking: /home/abdulrahman/turtlebot3_ws/install/turtlebot3_description/share/turtlebot3_description/meshes/sensors/lds.stl
[0.713s] -- Symlinking: /home/abdulrahman/turtlebot3_ws/install/turtlebot3_description/share/turtlebot3_description/meshes/sensors/r200.dae
[0.720s] -- Symlinking: /home/abdulrahman/turtlebot3_ws/install/turtlebot3_description/share/turtlebot3_description/meshes/sensors/r200.jpg
[0.724s] -- Symlinking: /home/abdulrahman/turtlebot3_ws/install/turtlebot3_description/share/turtlebot3_description/meshes/wheels/left_tire.stl
[0.729s] -- Symlinking: /home/abdulrahman/turtlebot3_ws/install/turtlebot3_description/share/turtlebot3_description/meshes/wheels/right_tire.stl
[0.734s] -- Symlinking: /home/abdulrahman/turtlebot3_ws/install/turtlebot3_description/share/turtlebot3_description/rviz/model.rviz
[0.739s] -- Symlinking: /home/abdulrahman/turtlebot3_ws/install/turtlebot3_description/share/turtlebot3_description/urdf/common_properties.urdf
[0.744s] -- Symlinking: /home/abdulrahman/turtlebot3_ws/install/turtlebot3_description/share/turtlebot3_description/urdf/turtlebot3_burger.urdf
[0.751s] -- Symlinking: /home/abdulrahman/turtlebot3_ws/install/turtlebot3_description/share/turtlebot3_description/urdf/turtlebot3_waffle.urdf
[0.758s] -- Symlinking: /home/abdulrahman/turtlebot3_ws/install/turtlebot3_description/share/turtlebot3_description/urdf/turtlebot3_waffle_pi.urdf
[0.764s] -- Symlinking: /home/abdulrahman/turtlebot3_ws/install/turtlebot3_description/share/ament_index/resource_index/package_run_dependencies/turtlebot3_description
[0.770s] -- Symlinking: /home/abdulrahman/turtlebot3_ws/install/turtlebot3_description/share/ament_index/resource_index/parent_prefix_path/turtlebot3_description
[0.778s] -- Symlinking: /home/abdulrahman/turtlebot3_ws/install/turtlebot3_description/share/turtlebot3_description/environment/ament_prefix_path.sh
[0.783s] -- Symlinking: /home/abdulrahman/turtlebot3_ws/install/turtlebot3_description/share/turtlebot3_description/environment/ament_prefix_path.dsv
[0.790s] -- Symlinking: /home/abdulrahman/turtlebot3_ws/install/turtlebot3_description/share/turtlebot3_description/environment/path.sh
[0.795s] -- Symlinking: /home/abdulrahman/turtlebot3_ws/install/turtlebot3_description/share/turtlebot3_description/environment/path.dsv
[0.800s] -- Symlinking: /home/abdulrahman/turtlebot3_ws/install/turtlebot3_description/share/turtlebot3_description/local_setup.bash
[0.807s] -- Symlinking: /home/abdulrahman/turtlebot3_ws/install/turtlebot3_description/share/turtlebot3_description/local_setup.sh
[0.812s] -- Symlinking: /home/abdulrahman/turtlebot3_ws/install/turtlebot3_description/share/turtlebot3_description/local_setup.zsh
[0.818s] -- Symlinking: /home/abdulrahman/turtlebot3_ws/install/turtlebot3_description/share/turtlebot3_description/local_setup.dsv
[0.823s] -- Symlinking: /home/abdulrahman/turtlebot3_ws/install/turtlebot3_description/share/turtlebot3_description/package.dsv
[0.831s] -- Symlinking: /home/abdulrahman/turtlebot3_ws/install/turtlebot3_description/share/ament_index/resource_index/packages/turtlebot3_description
[0.839s] -- Symlinking: /home/abdulrahman/turtlebot3_ws/install/turtlebot3_description/share/turtlebot3_description/cmake/turtlebot3_descriptionConfig.cmake
[0.844s] -- Symlinking: /home/abdulrahman/turtlebot3_ws/install/turtlebot3_description/share/turtlebot3_description/cmake/turtlebot3_descriptionConfig-version.cmake
[0.849s] -- Symlinking: /home/abdulrahman/turtlebot3_ws/install/turtlebot3_description/share/turtlebot3_description/package.xml
[0.856s] Invoked command in '/home/abdulrahman/turtlebot3_ws/build/turtlebot3_description' returned '0': CMAKE_PREFIX_PATH=${CMAKE_PREFIX_PATH}:/home/abdulrahman/carla-ros-bridge/catkin_ws/install/rqt_carla_control:/home/abdulrahman/carla-ros-bridge/catkin_ws/install/carla_waypoint_publisher:/home/abdulrahman/carla-ros-bridge/catkin_ws/install/carla_ackermann_control:/home/abdulrahman/carla-ros-bridge/catkin_ws/install/carla_ros_bridge:/home/abdulrahman/carla-ros-bridge/catkin_ws/install/carla_spawn_objects:/home/abdulrahman/carla-ros-bridge/catkin_ws/install/carla_manual_control:/home/abdulrahman/carla-ros-bridge/catkin_ws/install/carla_ad_agent:/home/abdulrahman/carla-ros-bridge/catkin_ws/install/ros_compatibility:/home/abdulrahman/carla-ros-bridge/catkin_ws/install/carla_walker_agent:/home/abdulrahman/carla-ros-bridge/catkin_ws/install/carla_twist_to_control:/home/abdulrahman/carla-ros-bridge/catkin_ws/install/carla_ros_scenario_runner:/home/abdulrahman/carla-ros-bridge/catkin_ws/install/carla_common:/home/abdulrahman/orbit_carla_ws/install/map_publisher:/opt/ros/humble /usr/bin/cmake --install /home/abdulrahman/turtlebot3_ws/build/turtlebot3_description
