[0.010s] Invoking command in '/home/abdulrahman/turtlebot3_ws/build/dynamixel_sdk_examples': AMENT_PREFIX_PATH=/home/abdulrahman/turtlebot3_ws/install/dynamixel_sdk_custom_interfaces:/home/abdulrahman/turtlebot3_ws/install/dynamixel_sdk:${AMENT_PREFIX_PATH} CMAKE_PREFIX_PATH=/home/abdulrahman/turtlebot3_ws/install/dynamixel_sdk_custom_interfaces:/home/abdulrahman/turtlebot3_ws/install/dynamixel_sdk:/home/abdulrahman/carla-ros-bridge/catkin_ws/install/carla_ad_demo:/home/abdulrahman/carla-ros-bridge/catkin_ws/install/rviz_carla_plugin:/home/abdulrahman/carla-ros-bridge/catkin_ws/install/pcl_recorder:/home/abdulrahman/carla-ros-bridge/catkin_ws/install/carla_waypoint_types:/home/abdulrahman/carla-ros-bridge/catkin_ws/install/carla_ros_scenario_runner_types:/home/abdulrahman/carla-ros-bridge/catkin_ws/install/carla_ackermann_msgs:/home/abdulrahman/carla-ros-bridge/catkin_ws/install/carla_msgs:/home/abdulrahman/carla-ros-bridge/catkin_ws/install/rqt_carla_control:/home/abdulrahman/carla-ros-bridge/catkin_ws/install/carla_waypoint_publisher:/home/abdulrahman/carla-ros-bridge/catkin_ws/install/carla_ackermann_control:/home/abdulrahman/carla-ros-bridge/catkin_ws/install/carla_ros_bridge:/home/abdulrahman/carla-ros-bridge/catkin_ws/install/carla_spawn_objects:/home/abdulrahman/carla-ros-bridge/catkin_ws/install/carla_manual_control:/home/abdulrahman/carla-ros-bridge/catkin_ws/install/carla_ad_agent:/home/abdulrahman/carla-ros-bridge/catkin_ws/install/ros_compatibility:/home/abdulrahman/carla-ros-bridge/catkin_ws/install/carla_walker_agent:/home/abdulrahman/carla-ros-bridge/catkin_ws/install/carla_twist_to_control:/home/abdulrahman/carla-ros-bridge/catkin_ws/install/carla_ros_scenario_runner:/home/abdulrahman/carla-ros-bridge/catkin_ws/install/carla_common:/home/abdulrahman/orbit_carla_ws/install/map_publisher:/opt/ros/humble LD_LIBRARY_PATH=/home/abdulrahman/turtlebot3_ws/install/dynamixel_sdk_custom_interfaces/lib:/home/abdulrahman/turtlebot3_ws/install/dynamixel_sdk/lib:${LD_LIBRARY_PATH} PYTHONPATH=/home/abdulrahman/turtlebot3_ws/install/dynamixel_sdk_custom_interfaces/local/lib/python3.10/dist-packages:/home/abdulrahman/turtlebot3_ws/install/dynamixel_sdk/local/lib/python3.10/dist-packages:${PYTHONPATH} /usr/bin/cmake /home/abdulrahman/turtlebot3_ws/src/DynamixelSDK/ros/dynamixel_sdk_examples -DAMENT_CMAKE_SYMLINK_INSTALL=1 -DCMAKE_INSTALL_PREFIX=/home/abdulrahman/turtlebot3_ws/install/dynamixel_sdk_examples
[0.048s] -- The C compiler identification is GNU 11.4.0
[0.078s] -- The CXX compiler identification is GNU 11.4.0
[0.081s] -- Detecting C compiler ABI info
[0.123s] -- Detecting C compiler ABI info - done
[0.126s] -- Check for working C compiler: /usr/bin/cc - skipped
[0.126s] -- Detecting C compile features
[0.127s] -- Detecting C compile features - done
[0.128s] -- Detecting CXX compiler ABI info
[0.178s] -- Detecting CXX compiler ABI info - done
[0.182s] -- Check for working CXX compiler: /usr/bin/c++ - skipped
[0.182s] -- Detecting CXX compile features
[0.183s] -- Detecting CXX compile features - done
[0.184s] -- Found ament_cmake: 1.3.11 (/opt/ros/humble/share/ament_cmake/cmake)
[0.391s] -- Found Python3: /usr/bin/python3 (found version "3.10.12") found components: Interpreter 
[0.431s] -- Override CMake install command with custom implementation using symlinks instead of copying resources
[0.453s] -- Found dynamixel_sdk: 3.8.4 (/home/abdulrahman/turtlebot3_ws/install/dynamixel_sdk/share/dynamixel_sdk/cmake)
[0.455s] -- Found dynamixel_sdk_custom_interfaces: 3.8.4 (/home/abdulrahman/turtlebot3_ws/install/dynamixel_sdk_custom_interfaces/share/dynamixel_sdk_custom_interfaces/cmake)
[0.478s] -- Found rosidl_generator_c: 3.1.6 (/opt/ros/humble/share/rosidl_generator_c/cmake)
[0.482s] -- Found rosidl_adapter: 3.1.6 (/opt/ros/humble/share/rosidl_adapter/cmake)
[0.487s] -- Found rosidl_generator_cpp: 3.1.6 (/opt/ros/humble/share/rosidl_generator_cpp/cmake)
[0.494s] -- Using all available rosidl_typesupport_c: rosidl_typesupport_fastrtps_c;rosidl_typesupport_introspection_c
[0.504s] -- Using all available rosidl_typesupport_cpp: rosidl_typesupport_fastrtps_cpp;rosidl_typesupport_introspection_cpp
[0.527s] -- Found rclcpp: 16.0.11 (/opt/ros/humble/share/rclcpp/cmake)
[0.558s] -- Found rmw_implementation_cmake: 6.1.2 (/opt/ros/humble/share/rmw_implementation_cmake/cmake)
[0.561s] -- Found rmw_fastrtps_cpp: 6.2.7 (/opt/ros/humble/share/rmw_fastrtps_cpp/cmake)
[0.628s] -- Found OpenSSL: /usr/lib/x86_64-linux-gnu/libcrypto.so (found version "3.0.2")  
[0.646s] -- Found FastRTPS: /opt/ros/humble/include  
[0.669s] -- Using RMW implementation 'rmw_fastrtps_cpp' as default
[0.677s] -- Looking for pthread.h
[0.726s] -- Looking for pthread.h - found
[0.727s] -- Performing Test CMAKE_HAVE_LIBC_PTHREAD
[0.777s] -- Performing Test CMAKE_HAVE_LIBC_PTHREAD - Success
[0.778s] -- Found Threads: TRUE  
[0.808s] -- Found rclpy: 3.3.15 (/opt/ros/humble/share/rclpy/cmake)
[0.810s] -- Found ament_lint_auto: 0.12.11 (/opt/ros/humble/share/ament_lint_auto/cmake)
[0.864s] -- Added test 'copyright' to check source files copyright and LICENSE
[0.864s] -- Added test 'cppcheck' to perform static code analysis on C / C++ code
[0.865s] -- Configured cppcheck include dirs: /home/abdulrahman/turtlebot3_ws/src/DynamixelSDK/ros/dynamixel_sdk_examples/include
[0.865s] -- Configured cppcheck exclude dirs and/or files: 
[0.865s] -- Added test 'cpplint' to check C / C++ code against the Google style
[0.865s] -- Configured cpplint exclude dirs and/or files: 
[0.865s] -- Added test 'flake8' to check Python code syntax and style conventions
[0.866s] -- Added test 'lint_cmake' to check CMake code style
[0.866s] -- Added test 'pep257' to check Python code against some of the docstring style conventions in PEP 257
[0.867s] -- Added test 'uncrustify' to check C / C++ code style
[0.867s] -- Configured uncrustify additional arguments: 
[0.867s] -- Added test 'xmllint' to check XML markup files
[0.868s] -- Configuring done
[0.872s] -- Generating done
[0.874s] -- Build files have been written to: /home/abdulrahman/turtlebot3_ws/build/dynamixel_sdk_examples
[0.879s] Invoked command in '/home/abdulrahman/turtlebot3_ws/build/dynamixel_sdk_examples' returned '0': AMENT_PREFIX_PATH=/home/abdulrahman/turtlebot3_ws/install/dynamixel_sdk_custom_interfaces:/home/abdulrahman/turtlebot3_ws/install/dynamixel_sdk:${AMENT_PREFIX_PATH} CMAKE_PREFIX_PATH=/home/abdulrahman/turtlebot3_ws/install/dynamixel_sdk_custom_interfaces:/home/abdulrahman/turtlebot3_ws/install/dynamixel_sdk:/home/abdulrahman/carla-ros-bridge/catkin_ws/install/carla_ad_demo:/home/abdulrahman/carla-ros-bridge/catkin_ws/install/rviz_carla_plugin:/home/abdulrahman/carla-ros-bridge/catkin_ws/install/pcl_recorder:/home/abdulrahman/carla-ros-bridge/catkin_ws/install/carla_waypoint_types:/home/abdulrahman/carla-ros-bridge/catkin_ws/install/carla_ros_scenario_runner_types:/home/abdulrahman/carla-ros-bridge/catkin_ws/install/carla_ackermann_msgs:/home/abdulrahman/carla-ros-bridge/catkin_ws/install/carla_msgs:/home/abdulrahman/carla-ros-bridge/catkin_ws/install/rqt_carla_control:/home/abdulrahman/carla-ros-bridge/catkin_ws/install/carla_waypoint_publisher:/home/abdulrahman/carla-ros-bridge/catkin_ws/install/carla_ackermann_control:/home/abdulrahman/carla-ros-bridge/catkin_ws/install/carla_ros_bridge:/home/abdulrahman/carla-ros-bridge/catkin_ws/install/carla_spawn_objects:/home/abdulrahman/carla-ros-bridge/catkin_ws/install/carla_manual_control:/home/abdulrahman/carla-ros-bridge/catkin_ws/install/carla_ad_agent:/home/abdulrahman/carla-ros-bridge/catkin_ws/install/ros_compatibility:/home/abdulrahman/carla-ros-bridge/catkin_ws/install/carla_walker_agent:/home/abdulrahman/carla-ros-bridge/catkin_ws/install/carla_twist_to_control:/home/abdulrahman/carla-ros-bridge/catkin_ws/install/carla_ros_scenario_runner:/home/abdulrahman/carla-ros-bridge/catkin_ws/install/carla_common:/home/abdulrahman/orbit_carla_ws/install/map_publisher:/opt/ros/humble LD_LIBRARY_PATH=/home/abdulrahman/turtlebot3_ws/install/dynamixel_sdk_custom_interfaces/lib:/home/abdulrahman/turtlebot3_ws/install/dynamixel_sdk/lib:${LD_LIBRARY_PATH} PYTHONPATH=/home/abdulrahman/turtlebot3_ws/install/dynamixel_sdk_custom_interfaces/local/lib/python3.10/dist-packages:/home/abdulrahman/turtlebot3_ws/install/dynamixel_sdk/local/lib/python3.10/dist-packages:${PYTHONPATH} /usr/bin/cmake /home/abdulrahman/turtlebot3_ws/src/DynamixelSDK/ros/dynamixel_sdk_examples -DAMENT_CMAKE_SYMLINK_INSTALL=1 -DCMAKE_INSTALL_PREFIX=/home/abdulrahman/turtlebot3_ws/install/dynamixel_sdk_examples
[0.880s] Invoking command in '/home/abdulrahman/turtlebot3_ws/build/dynamixel_sdk_examples': AMENT_PREFIX_PATH=/home/abdulrahman/turtlebot3_ws/install/dynamixel_sdk_custom_interfaces:/home/abdulrahman/turtlebot3_ws/install/dynamixel_sdk:${AMENT_PREFIX_PATH} CMAKE_PREFIX_PATH=/home/abdulrahman/turtlebot3_ws/install/dynamixel_sdk_custom_interfaces:/home/abdulrahman/turtlebot3_ws/install/dynamixel_sdk:/home/abdulrahman/carla-ros-bridge/catkin_ws/install/carla_ad_demo:/home/abdulrahman/carla-ros-bridge/catkin_ws/install/rviz_carla_plugin:/home/abdulrahman/carla-ros-bridge/catkin_ws/install/pcl_recorder:/home/abdulrahman/carla-ros-bridge/catkin_ws/install/carla_waypoint_types:/home/abdulrahman/carla-ros-bridge/catkin_ws/install/carla_ros_scenario_runner_types:/home/abdulrahman/carla-ros-bridge/catkin_ws/install/carla_ackermann_msgs:/home/abdulrahman/carla-ros-bridge/catkin_ws/install/carla_msgs:/home/abdulrahman/carla-ros-bridge/catkin_ws/install/rqt_carla_control:/home/abdulrahman/carla-ros-bridge/catkin_ws/install/carla_waypoint_publisher:/home/abdulrahman/carla-ros-bridge/catkin_ws/install/carla_ackermann_control:/home/abdulrahman/carla-ros-bridge/catkin_ws/install/carla_ros_bridge:/home/abdulrahman/carla-ros-bridge/catkin_ws/install/carla_spawn_objects:/home/abdulrahman/carla-ros-bridge/catkin_ws/install/carla_manual_control:/home/abdulrahman/carla-ros-bridge/catkin_ws/install/carla_ad_agent:/home/abdulrahman/carla-ros-bridge/catkin_ws/install/ros_compatibility:/home/abdulrahman/carla-ros-bridge/catkin_ws/install/carla_walker_agent:/home/abdulrahman/carla-ros-bridge/catkin_ws/install/carla_twist_to_control:/home/abdulrahman/carla-ros-bridge/catkin_ws/install/carla_ros_scenario_runner:/home/abdulrahman/carla-ros-bridge/catkin_ws/install/carla_common:/home/abdulrahman/orbit_carla_ws/install/map_publisher:/opt/ros/humble LD_LIBRARY_PATH=/home/abdulrahman/turtlebot3_ws/install/dynamixel_sdk_custom_interfaces/lib:/home/abdulrahman/turtlebot3_ws/install/dynamixel_sdk/lib:${LD_LIBRARY_PATH} PYTHONPATH=/home/abdulrahman/turtlebot3_ws/install/dynamixel_sdk_custom_interfaces/local/lib/python3.10/dist-packages:/home/abdulrahman/turtlebot3_ws/install/dynamixel_sdk/local/lib/python3.10/dist-packages:${PYTHONPATH} /usr/bin/cmake --build /home/abdulrahman/turtlebot3_ws/build/dynamixel_sdk_examples -- -j32 -l32
[0.917s] [ 50%] [32mBuilding CXX object CMakeFiles/read_write_node.dir/src/read_write_node.cpp.o[0m
[5.118s] [100%] [32m[1mLinking CXX executable read_write_node[0m
[5.336s] [100%] Built target read_write_node
[5.346s] Invoked command in '/home/abdulrahman/turtlebot3_ws/build/dynamixel_sdk_examples' returned '0': AMENT_PREFIX_PATH=/home/abdulrahman/turtlebot3_ws/install/dynamixel_sdk_custom_interfaces:/home/abdulrahman/turtlebot3_ws/install/dynamixel_sdk:${AMENT_PREFIX_PATH} CMAKE_PREFIX_PATH=/home/abdulrahman/turtlebot3_ws/install/dynamixel_sdk_custom_interfaces:/home/abdulrahman/turtlebot3_ws/install/dynamixel_sdk:/home/abdulrahman/carla-ros-bridge/catkin_ws/install/carla_ad_demo:/home/abdulrahman/carla-ros-bridge/catkin_ws/install/rviz_carla_plugin:/home/abdulrahman/carla-ros-bridge/catkin_ws/install/pcl_recorder:/home/abdulrahman/carla-ros-bridge/catkin_ws/install/carla_waypoint_types:/home/abdulrahman/carla-ros-bridge/catkin_ws/install/carla_ros_scenario_runner_types:/home/abdulrahman/carla-ros-bridge/catkin_ws/install/carla_ackermann_msgs:/home/abdulrahman/carla-ros-bridge/catkin_ws/install/carla_msgs:/home/abdulrahman/carla-ros-bridge/catkin_ws/install/rqt_carla_control:/home/abdulrahman/carla-ros-bridge/catkin_ws/install/carla_waypoint_publisher:/home/abdulrahman/carla-ros-bridge/catkin_ws/install/carla_ackermann_control:/home/abdulrahman/carla-ros-bridge/catkin_ws/install/carla_ros_bridge:/home/abdulrahman/carla-ros-bridge/catkin_ws/install/carla_spawn_objects:/home/abdulrahman/carla-ros-bridge/catkin_ws/install/carla_manual_control:/home/abdulrahman/carla-ros-bridge/catkin_ws/install/carla_ad_agent:/home/abdulrahman/carla-ros-bridge/catkin_ws/install/ros_compatibility:/home/abdulrahman/carla-ros-bridge/catkin_ws/install/carla_walker_agent:/home/abdulrahman/carla-ros-bridge/catkin_ws/install/carla_twist_to_control:/home/abdulrahman/carla-ros-bridge/catkin_ws/install/carla_ros_scenario_runner:/home/abdulrahman/carla-ros-bridge/catkin_ws/install/carla_common:/home/abdulrahman/orbit_carla_ws/install/map_publisher:/opt/ros/humble LD_LIBRARY_PATH=/home/abdulrahman/turtlebot3_ws/install/dynamixel_sdk_custom_interfaces/lib:/home/abdulrahman/turtlebot3_ws/install/dynamixel_sdk/lib:${LD_LIBRARY_PATH} PYTHONPATH=/home/abdulrahman/turtlebot3_ws/install/dynamixel_sdk_custom_interfaces/local/lib/python3.10/dist-packages:/home/abdulrahman/turtlebot3_ws/install/dynamixel_sdk/local/lib/python3.10/dist-packages:${PYTHONPATH} /usr/bin/cmake --build /home/abdulrahman/turtlebot3_ws/build/dynamixel_sdk_examples -- -j32 -l32
[5.347s] Invoking command in '/home/abdulrahman/turtlebot3_ws/build/dynamixel_sdk_examples': AMENT_PREFIX_PATH=/home/abdulrahman/turtlebot3_ws/install/dynamixel_sdk_custom_interfaces:/home/abdulrahman/turtlebot3_ws/install/dynamixel_sdk:${AMENT_PREFIX_PATH} CMAKE_PREFIX_PATH=/home/abdulrahman/turtlebot3_ws/install/dynamixel_sdk_custom_interfaces:/home/abdulrahman/turtlebot3_ws/install/dynamixel_sdk:/home/abdulrahman/carla-ros-bridge/catkin_ws/install/carla_ad_demo:/home/abdulrahman/carla-ros-bridge/catkin_ws/install/rviz_carla_plugin:/home/abdulrahman/carla-ros-bridge/catkin_ws/install/pcl_recorder:/home/abdulrahman/carla-ros-bridge/catkin_ws/install/carla_waypoint_types:/home/abdulrahman/carla-ros-bridge/catkin_ws/install/carla_ros_scenario_runner_types:/home/abdulrahman/carla-ros-bridge/catkin_ws/install/carla_ackermann_msgs:/home/abdulrahman/carla-ros-bridge/catkin_ws/install/carla_msgs:/home/abdulrahman/carla-ros-bridge/catkin_ws/install/rqt_carla_control:/home/abdulrahman/carla-ros-bridge/catkin_ws/install/carla_waypoint_publisher:/home/abdulrahman/carla-ros-bridge/catkin_ws/install/carla_ackermann_control:/home/abdulrahman/carla-ros-bridge/catkin_ws/install/carla_ros_bridge:/home/abdulrahman/carla-ros-bridge/catkin_ws/install/carla_spawn_objects:/home/abdulrahman/carla-ros-bridge/catkin_ws/install/carla_manual_control:/home/abdulrahman/carla-ros-bridge/catkin_ws/install/carla_ad_agent:/home/abdulrahman/carla-ros-bridge/catkin_ws/install/ros_compatibility:/home/abdulrahman/carla-ros-bridge/catkin_ws/install/carla_walker_agent:/home/abdulrahman/carla-ros-bridge/catkin_ws/install/carla_twist_to_control:/home/abdulrahman/carla-ros-bridge/catkin_ws/install/carla_ros_scenario_runner:/home/abdulrahman/carla-ros-bridge/catkin_ws/install/carla_common:/home/abdulrahman/orbit_carla_ws/install/map_publisher:/opt/ros/humble LD_LIBRARY_PATH=/home/abdulrahman/turtlebot3_ws/install/dynamixel_sdk_custom_interfaces/lib:/home/abdulrahman/turtlebot3_ws/install/dynamixel_sdk/lib:${LD_LIBRARY_PATH} PYTHONPATH=/home/abdulrahman/turtlebot3_ws/install/dynamixel_sdk_custom_interfaces/local/lib/python3.10/dist-packages:/home/abdulrahman/turtlebot3_ws/install/dynamixel_sdk/local/lib/python3.10/dist-packages:${PYTHONPATH} /usr/bin/cmake --install /home/abdulrahman/turtlebot3_ws/build/dynamixel_sdk_examples
[5.352s] -- Install configuration: ""
[5.353s] -- Execute custom install script
[5.353s] -- Symlinking: /home/abdulrahman/turtlebot3_ws/install/dynamixel_sdk_examples/lib/dynamixel_sdk_examples/read_write_node
[5.360s] -- Symlinking: /home/abdulrahman/turtlebot3_ws/install/dynamixel_sdk_examples/lib/dynamixel_sdk_examples/read_write_node.py
[5.367s] -- Symlinking: /home/abdulrahman/turtlebot3_ws/install/dynamixel_sdk_examples/share/ament_index/resource_index/package_run_dependencies/dynamixel_sdk_examples
[5.374s] -- Symlinking: /home/abdulrahman/turtlebot3_ws/install/dynamixel_sdk_examples/share/ament_index/resource_index/parent_prefix_path/dynamixel_sdk_examples
[5.378s] -- Symlinking: /home/abdulrahman/turtlebot3_ws/install/dynamixel_sdk_examples/share/dynamixel_sdk_examples/environment/ament_prefix_path.sh
[5.383s] -- Symlinking: /home/abdulrahman/turtlebot3_ws/install/dynamixel_sdk_examples/share/dynamixel_sdk_examples/environment/ament_prefix_path.dsv
[5.389s] -- Symlinking: /home/abdulrahman/turtlebot3_ws/install/dynamixel_sdk_examples/share/dynamixel_sdk_examples/environment/path.sh
[5.396s] -- Symlinking: /home/abdulrahman/turtlebot3_ws/install/dynamixel_sdk_examples/share/dynamixel_sdk_examples/environment/path.dsv
[5.401s] -- Symlinking: /home/abdulrahman/turtlebot3_ws/install/dynamixel_sdk_examples/share/dynamixel_sdk_examples/local_setup.bash
[5.408s] -- Symlinking: /home/abdulrahman/turtlebot3_ws/install/dynamixel_sdk_examples/share/dynamixel_sdk_examples/local_setup.sh
[5.415s] -- Symlinking: /home/abdulrahman/turtlebot3_ws/install/dynamixel_sdk_examples/share/dynamixel_sdk_examples/local_setup.zsh
[5.422s] -- Symlinking: /home/abdulrahman/turtlebot3_ws/install/dynamixel_sdk_examples/share/dynamixel_sdk_examples/local_setup.dsv
[5.427s] -- Symlinking: /home/abdulrahman/turtlebot3_ws/install/dynamixel_sdk_examples/share/dynamixel_sdk_examples/package.dsv
[5.433s] -- Symlinking: /home/abdulrahman/turtlebot3_ws/install/dynamixel_sdk_examples/share/ament_index/resource_index/packages/dynamixel_sdk_examples
[5.439s] -- Symlinking: /home/abdulrahman/turtlebot3_ws/install/dynamixel_sdk_examples/share/dynamixel_sdk_examples/cmake/dynamixel_sdk_examplesConfig.cmake
[5.445s] -- Symlinking: /home/abdulrahman/turtlebot3_ws/install/dynamixel_sdk_examples/share/dynamixel_sdk_examples/cmake/dynamixel_sdk_examplesConfig-version.cmake
[5.451s] -- Symlinking: /home/abdulrahman/turtlebot3_ws/install/dynamixel_sdk_examples/share/dynamixel_sdk_examples/package.xml
[5.458s] Invoked command in '/home/abdulrahman/turtlebot3_ws/build/dynamixel_sdk_examples' returned '0': AMENT_PREFIX_PATH=/home/abdulrahman/turtlebot3_ws/install/dynamixel_sdk_custom_interfaces:/home/abdulrahman/turtlebot3_ws/install/dynamixel_sdk:${AMENT_PREFIX_PATH} CMAKE_PREFIX_PATH=/home/abdulrahman/turtlebot3_ws/install/dynamixel_sdk_custom_interfaces:/home/abdulrahman/turtlebot3_ws/install/dynamixel_sdk:/home/abdulrahman/carla-ros-bridge/catkin_ws/install/carla_ad_demo:/home/abdulrahman/carla-ros-bridge/catkin_ws/install/rviz_carla_plugin:/home/abdulrahman/carla-ros-bridge/catkin_ws/install/pcl_recorder:/home/abdulrahman/carla-ros-bridge/catkin_ws/install/carla_waypoint_types:/home/abdulrahman/carla-ros-bridge/catkin_ws/install/carla_ros_scenario_runner_types:/home/abdulrahman/carla-ros-bridge/catkin_ws/install/carla_ackermann_msgs:/home/abdulrahman/carla-ros-bridge/catkin_ws/install/carla_msgs:/home/abdulrahman/carla-ros-bridge/catkin_ws/install/rqt_carla_control:/home/abdulrahman/carla-ros-bridge/catkin_ws/install/carla_waypoint_publisher:/home/abdulrahman/carla-ros-bridge/catkin_ws/install/carla_ackermann_control:/home/abdulrahman/carla-ros-bridge/catkin_ws/install/carla_ros_bridge:/home/abdulrahman/carla-ros-bridge/catkin_ws/install/carla_spawn_objects:/home/abdulrahman/carla-ros-bridge/catkin_ws/install/carla_manual_control:/home/abdulrahman/carla-ros-bridge/catkin_ws/install/carla_ad_agent:/home/abdulrahman/carla-ros-bridge/catkin_ws/install/ros_compatibility:/home/abdulrahman/carla-ros-bridge/catkin_ws/install/carla_walker_agent:/home/abdulrahman/carla-ros-bridge/catkin_ws/install/carla_twist_to_control:/home/abdulrahman/carla-ros-bridge/catkin_ws/install/carla_ros_scenario_runner:/home/abdulrahman/carla-ros-bridge/catkin_ws/install/carla_common:/home/abdulrahman/orbit_carla_ws/install/map_publisher:/opt/ros/humble LD_LIBRARY_PATH=/home/abdulrahman/turtlebot3_ws/install/dynamixel_sdk_custom_interfaces/lib:/home/abdulrahman/turtlebot3_ws/install/dynamixel_sdk/lib:${LD_LIBRARY_PATH} PYTHONPATH=/home/abdulrahman/turtlebot3_ws/install/dynamixel_sdk_custom_interfaces/local/lib/python3.10/dist-packages:/home/abdulrahman/turtlebot3_ws/install/dynamixel_sdk/local/lib/python3.10/dist-packages:${PYTHONPATH} /usr/bin/cmake --install /home/abdulrahman/turtlebot3_ws/build/dynamixel_sdk_examples
