[0.010s] Invoking command in '/home/abdulrahman/turtlebot3_ws/build/turtlebot3_node': AMENT_PREFIX_PATH=/home/abdulrahman/turtlebot3_ws/install/turtlebot3_msgs:/home/abdulrahman/turtlebot3_ws/install/dynamixel_sdk:${AMENT_PREFIX_PATH} CMAKE_PREFIX_PATH=/home/abdulrahman/turtlebot3_ws/install/turtlebot3_msgs:/home/abdulrahman/turtlebot3_ws/install/dynamixel_sdk:/home/abdulrahman/carla-ros-bridge/catkin_ws/install/carla_ad_demo:/home/abdulrahman/carla-ros-bridge/catkin_ws/install/rviz_carla_plugin:/home/abdulrahman/carla-ros-bridge/catkin_ws/install/pcl_recorder:/home/abdulrahman/carla-ros-bridge/catkin_ws/install/carla_waypoint_types:/home/abdulrahman/carla-ros-bridge/catkin_ws/install/carla_ros_scenario_runner_types:/home/abdulrahman/carla-ros-bridge/catkin_ws/install/carla_ackermann_msgs:/home/abdulrahman/carla-ros-bridge/catkin_ws/install/carla_msgs:/home/abdulrahman/carla-ros-bridge/catkin_ws/install/rqt_carla_control:/home/abdulrahman/carla-ros-bridge/catkin_ws/install/carla_waypoint_publisher:/home/abdulrahman/carla-ros-bridge/catkin_ws/install/carla_ackermann_control:/home/abdulrahman/carla-ros-bridge/catkin_ws/install/carla_ros_bridge:/home/abdulrahman/carla-ros-bridge/catkin_ws/install/carla_spawn_objects:/home/abdulrahman/carla-ros-bridge/catkin_ws/install/carla_manual_control:/home/abdulrahman/carla-ros-bridge/catkin_ws/install/carla_ad_agent:/home/abdulrahman/carla-ros-bridge/catkin_ws/install/ros_compatibility:/home/abdulrahman/carla-ros-bridge/catkin_ws/install/carla_walker_agent:/home/abdulrahman/carla-ros-bridge/catkin_ws/install/carla_twist_to_control:/home/abdulrahman/carla-ros-bridge/catkin_ws/install/carla_ros_scenario_runner:/home/abdulrahman/carla-ros-bridge/catkin_ws/install/carla_common:/home/abdulrahman/orbit_carla_ws/install/map_publisher:/opt/ros/humble LD_LIBRARY_PATH=/home/abdulrahman/turtlebot3_ws/install/turtlebot3_msgs/lib:/home/abdulrahman/turtlebot3_ws/install/dynamixel_sdk/lib:${LD_LIBRARY_PATH} PYTHONPATH=/home/abdulrahman/turtlebot3_ws/install/turtlebot3_msgs/local/lib/python3.10/dist-packages:/home/abdulrahman/turtlebot3_ws/install/dynamixel_sdk/local/lib/python3.10/dist-packages:${PYTHONPATH} /usr/bin/cmake /home/abdulrahman/turtlebot3_ws/src/turtlebot3/turtlebot3_node -DAMENT_CMAKE_SYMLINK_INSTALL=1 -DCMAKE_INSTALL_PREFIX=/home/abdulrahman/turtlebot3_ws/install/turtlebot3_node
[0.044s] -- The C compiler identification is GNU 11.4.0
[0.079s] -- The CXX compiler identification is GNU 11.4.0
[0.083s] -- Detecting C compiler ABI info
[0.129s] -- Detecting C compiler ABI info - done
[0.132s] -- Check for working C compiler: /usr/bin/cc - skipped
[0.132s] -- Detecting C compile features
[0.132s] -- Detecting C compile features - done
[0.134s] -- Detecting CXX compiler ABI info
[0.190s] -- Detecting CXX compiler ABI info - done
[0.193s] -- Check for working CXX compiler: /usr/bin/c++ - skipped
[0.193s] -- Detecting CXX compile features
[0.194s] -- Detecting CXX compile features - done
[0.196s] -- Found ament_cmake: 1.3.11 (/opt/ros/humble/share/ament_cmake/cmake)
[0.402s] -- Found Python3: /usr/bin/python3 (found version "3.10.12") found components: Interpreter 
[0.440s] -- Override CMake install command with custom implementation using symlinks instead of copying resources
[0.463s] -- Found dynamixel_sdk: 3.8.4 (/home/abdulrahman/turtlebot3_ws/install/dynamixel_sdk/share/dynamixel_sdk/cmake)
[0.465s] -- Found geometry_msgs: 4.2.4 (/opt/ros/humble/share/geometry_msgs/cmake)
[0.489s] -- Found rosidl_generator_c: 3.1.6 (/opt/ros/humble/share/rosidl_generator_c/cmake)
[0.493s] -- Found rosidl_adapter: 3.1.6 (/opt/ros/humble/share/rosidl_adapter/cmake)
[0.498s] -- Found rosidl_generator_cpp: 3.1.6 (/opt/ros/humble/share/rosidl_generator_cpp/cmake)
[0.505s] -- Using all available rosidl_typesupport_c: rosidl_typesupport_fastrtps_c;rosidl_typesupport_introspection_c
[0.515s] -- Using all available rosidl_typesupport_cpp: rosidl_typesupport_fastrtps_cpp;rosidl_typesupport_introspection_cpp
[0.544s] -- Found message_filters: 4.3.5 (/opt/ros/humble/share/message_filters/cmake)
[0.570s] -- Found rmw_implementation_cmake: 6.1.2 (/opt/ros/humble/share/rmw_implementation_cmake/cmake)
[0.572s] -- Found rmw_fastrtps_cpp: 6.2.7 (/opt/ros/humble/share/rmw_fastrtps_cpp/cmake)
[0.629s] -- Found OpenSSL: /usr/lib/x86_64-linux-gnu/libcrypto.so (found version "3.0.2")  
[0.646s] -- Found FastRTPS: /opt/ros/humble/include  
[0.671s] -- Using RMW implementation 'rmw_fastrtps_cpp' as default
[0.677s] -- Looking for pthread.h
[0.726s] -- Looking for pthread.h - found
[0.726s] -- Performing Test CMAKE_HAVE_LIBC_PTHREAD
[0.771s] -- Performing Test CMAKE_HAVE_LIBC_PTHREAD - Success
[0.772s] -- Found Threads: TRUE  
[0.796s] -- Found nav_msgs: 4.2.4 (/opt/ros/humble/share/nav_msgs/cmake)
[0.807s] -- Found sensor_msgs: 4.2.4 (/opt/ros/humble/share/sensor_msgs/cmake)
[0.818s] -- Found std_srvs: 4.2.4 (/opt/ros/humble/share/std_srvs/cmake)
[0.826s] -- Found tf2: 0.25.11 (/opt/ros/humble/share/tf2/cmake)
[0.832s] -- Found tf2_ros: 0.25.11 (/opt/ros/humble/share/tf2_ros/cmake)
[0.881s] -- Found turtlebot3_msgs: 2.4.0 (/home/abdulrahman/turtlebot3_ws/install/turtlebot3_msgs/share/turtlebot3_msgs/cmake)
[0.928s] -- Configuring done
[0.936s] -- Generating done
[0.939s] -- Build files have been written to: /home/abdulrahman/turtlebot3_ws/build/turtlebot3_node
[0.945s] Invoked command in '/home/abdulrahman/turtlebot3_ws/build/turtlebot3_node' returned '0': AMENT_PREFIX_PATH=/home/abdulrahman/turtlebot3_ws/install/turtlebot3_msgs:/home/abdulrahman/turtlebot3_ws/install/dynamixel_sdk:${AMENT_PREFIX_PATH} CMAKE_PREFIX_PATH=/home/abdulrahman/turtlebot3_ws/install/turtlebot3_msgs:/home/abdulrahman/turtlebot3_ws/install/dynamixel_sdk:/home/abdulrahman/carla-ros-bridge/catkin_ws/install/carla_ad_demo:/home/abdulrahman/carla-ros-bridge/catkin_ws/install/rviz_carla_plugin:/home/abdulrahman/carla-ros-bridge/catkin_ws/install/pcl_recorder:/home/abdulrahman/carla-ros-bridge/catkin_ws/install/carla_waypoint_types:/home/abdulrahman/carla-ros-bridge/catkin_ws/install/carla_ros_scenario_runner_types:/home/abdulrahman/carla-ros-bridge/catkin_ws/install/carla_ackermann_msgs:/home/abdulrahman/carla-ros-bridge/catkin_ws/install/carla_msgs:/home/abdulrahman/carla-ros-bridge/catkin_ws/install/rqt_carla_control:/home/abdulrahman/carla-ros-bridge/catkin_ws/install/carla_waypoint_publisher:/home/abdulrahman/carla-ros-bridge/catkin_ws/install/carla_ackermann_control:/home/abdulrahman/carla-ros-bridge/catkin_ws/install/carla_ros_bridge:/home/abdulrahman/carla-ros-bridge/catkin_ws/install/carla_spawn_objects:/home/abdulrahman/carla-ros-bridge/catkin_ws/install/carla_manual_control:/home/abdulrahman/carla-ros-bridge/catkin_ws/install/carla_ad_agent:/home/abdulrahman/carla-ros-bridge/catkin_ws/install/ros_compatibility:/home/abdulrahman/carla-ros-bridge/catkin_ws/install/carla_walker_agent:/home/abdulrahman/carla-ros-bridge/catkin_ws/install/carla_twist_to_control:/home/abdulrahman/carla-ros-bridge/catkin_ws/install/carla_ros_scenario_runner:/home/abdulrahman/carla-ros-bridge/catkin_ws/install/carla_common:/home/abdulrahman/orbit_carla_ws/install/map_publisher:/opt/ros/humble LD_LIBRARY_PATH=/home/abdulrahman/turtlebot3_ws/install/turtlebot3_msgs/lib:/home/abdulrahman/turtlebot3_ws/install/dynamixel_sdk/lib:${LD_LIBRARY_PATH} PYTHONPATH=/home/abdulrahman/turtlebot3_ws/install/turtlebot3_msgs/local/lib/python3.10/dist-packages:/home/abdulrahman/turtlebot3_ws/install/dynamixel_sdk/local/lib/python3.10/dist-packages:${PYTHONPATH} /usr/bin/cmake /home/abdulrahman/turtlebot3_ws/src/turtlebot3/turtlebot3_node -DAMENT_CMAKE_SYMLINK_INSTALL=1 -DCMAKE_INSTALL_PREFIX=/home/abdulrahman/turtlebot3_ws/install/turtlebot3_node
[0.945s] Invoking command in '/home/abdulrahman/turtlebot3_ws/build/turtlebot3_node': AMENT_PREFIX_PATH=/home/abdulrahman/turtlebot3_ws/install/turtlebot3_msgs:/home/abdulrahman/turtlebot3_ws/install/dynamixel_sdk:${AMENT_PREFIX_PATH} CMAKE_PREFIX_PATH=/home/abdulrahman/turtlebot3_ws/install/turtlebot3_msgs:/home/abdulrahman/turtlebot3_ws/install/dynamixel_sdk:/home/abdulrahman/carla-ros-bridge/catkin_ws/install/carla_ad_demo:/home/abdulrahman/carla-ros-bridge/catkin_ws/install/rviz_carla_plugin:/home/abdulrahman/carla-ros-bridge/catkin_ws/install/pcl_recorder:/home/abdulrahman/carla-ros-bridge/catkin_ws/install/carla_waypoint_types:/home/abdulrahman/carla-ros-bridge/catkin_ws/install/carla_ros_scenario_runner_types:/home/abdulrahman/carla-ros-bridge/catkin_ws/install/carla_ackermann_msgs:/home/abdulrahman/carla-ros-bridge/catkin_ws/install/carla_msgs:/home/abdulrahman/carla-ros-bridge/catkin_ws/install/rqt_carla_control:/home/abdulrahman/carla-ros-bridge/catkin_ws/install/carla_waypoint_publisher:/home/abdulrahman/carla-ros-bridge/catkin_ws/install/carla_ackermann_control:/home/abdulrahman/carla-ros-bridge/catkin_ws/install/carla_ros_bridge:/home/abdulrahman/carla-ros-bridge/catkin_ws/install/carla_spawn_objects:/home/abdulrahman/carla-ros-bridge/catkin_ws/install/carla_manual_control:/home/abdulrahman/carla-ros-bridge/catkin_ws/install/carla_ad_agent:/home/abdulrahman/carla-ros-bridge/catkin_ws/install/ros_compatibility:/home/abdulrahman/carla-ros-bridge/catkin_ws/install/carla_walker_agent:/home/abdulrahman/carla-ros-bridge/catkin_ws/install/carla_twist_to_control:/home/abdulrahman/carla-ros-bridge/catkin_ws/install/carla_ros_scenario_runner:/home/abdulrahman/carla-ros-bridge/catkin_ws/install/carla_common:/home/abdulrahman/orbit_carla_ws/install/map_publisher:/opt/ros/humble LD_LIBRARY_PATH=/home/abdulrahman/turtlebot3_ws/install/turtlebot3_msgs/lib:/home/abdulrahman/turtlebot3_ws/install/dynamixel_sdk/lib:${LD_LIBRARY_PATH} PYTHONPATH=/home/abdulrahman/turtlebot3_ws/install/turtlebot3_msgs/local/lib/python3.10/dist-packages:/home/abdulrahman/turtlebot3_ws/install/dynamixel_sdk/local/lib/python3.10/dist-packages:${PYTHONPATH} /usr/bin/cmake --build /home/abdulrahman/turtlebot3_ws/build/turtlebot3_node -- -j32 -l32
[0.980s] [ 14%] [32mBuilding CXX object CMakeFiles/turtlebot3_node_lib.dir/src/sensors/battery_state.cpp.o[0m
[0.980s] [ 14%] [32mBuilding CXX object CMakeFiles/turtlebot3_node_lib.dir/src/turtlebot3.cpp.o[0m
[0.980s] [ 28%] [32mBuilding CXX object CMakeFiles/turtlebot3_node_lib.dir/src/sensors/imu.cpp.o[0m
[0.980s] [ 28%] [32mBuilding CXX object CMakeFiles/turtlebot3_node_lib.dir/src/devices/motor_power.cpp.o[0m
[0.981s] [ 35%] [32mBuilding CXX object CMakeFiles/turtlebot3_node_lib.dir/src/devices/sound.cpp.o[0m
[0.981s] [ 42%] [32mBuilding CXX object CMakeFiles/turtlebot3_node_lib.dir/src/devices/reset.cpp.o[0m
[0.981s] [ 57%] [32mBuilding CXX object CMakeFiles/turtlebot3_node_lib.dir/src/sensors/sensor_state.cpp.o[0m
[0.981s] [ 64%] [32mBuilding CXX object CMakeFiles/turtlebot3_node_lib.dir/src/diff_drive_controller.cpp.o[0m
[0.981s] [ 64%] [32mBuilding CXX object CMakeFiles/turtlebot3_node_lib.dir/src/sensors/joint_state.cpp.o[0m
[0.981s] [ 71%] [32mBuilding CXX object CMakeFiles/turtlebot3_node_lib.dir/src/dynamixel_sdk_wrapper.cpp.o[0m
[0.981s] [ 78%] [32mBuilding CXX object CMakeFiles/turtlebot3_node_lib.dir/src/odometry.cpp.o[0m
[7.848s] [ 85%] [32m[1mLinking CXX static library libturtlebot3_node_lib.a[0m
[8.098s] [ 85%] Built target turtlebot3_node_lib
[8.114s] [ 92%] [32mBuilding CXX object CMakeFiles/turtlebot3_ros.dir/src/node_main.cpp.o[0m
[9.593s] [100%] [32m[1mLinking CXX executable turtlebot3_ros[0m
[10.443s] [100%] Built target turtlebot3_ros
[10.453s] Invoked command in '/home/abdulrahman/turtlebot3_ws/build/turtlebot3_node' returned '0': AMENT_PREFIX_PATH=/home/abdulrahman/turtlebot3_ws/install/turtlebot3_msgs:/home/abdulrahman/turtlebot3_ws/install/dynamixel_sdk:${AMENT_PREFIX_PATH} CMAKE_PREFIX_PATH=/home/abdulrahman/turtlebot3_ws/install/turtlebot3_msgs:/home/abdulrahman/turtlebot3_ws/install/dynamixel_sdk:/home/abdulrahman/carla-ros-bridge/catkin_ws/install/carla_ad_demo:/home/abdulrahman/carla-ros-bridge/catkin_ws/install/rviz_carla_plugin:/home/abdulrahman/carla-ros-bridge/catkin_ws/install/pcl_recorder:/home/abdulrahman/carla-ros-bridge/catkin_ws/install/carla_waypoint_types:/home/abdulrahman/carla-ros-bridge/catkin_ws/install/carla_ros_scenario_runner_types:/home/abdulrahman/carla-ros-bridge/catkin_ws/install/carla_ackermann_msgs:/home/abdulrahman/carla-ros-bridge/catkin_ws/install/carla_msgs:/home/abdulrahman/carla-ros-bridge/catkin_ws/install/rqt_carla_control:/home/abdulrahman/carla-ros-bridge/catkin_ws/install/carla_waypoint_publisher:/home/abdulrahman/carla-ros-bridge/catkin_ws/install/carla_ackermann_control:/home/abdulrahman/carla-ros-bridge/catkin_ws/install/carla_ros_bridge:/home/abdulrahman/carla-ros-bridge/catkin_ws/install/carla_spawn_objects:/home/abdulrahman/carla-ros-bridge/catkin_ws/install/carla_manual_control:/home/abdulrahman/carla-ros-bridge/catkin_ws/install/carla_ad_agent:/home/abdulrahman/carla-ros-bridge/catkin_ws/install/ros_compatibility:/home/abdulrahman/carla-ros-bridge/catkin_ws/install/carla_walker_agent:/home/abdulrahman/carla-ros-bridge/catkin_ws/install/carla_twist_to_control:/home/abdulrahman/carla-ros-bridge/catkin_ws/install/carla_ros_scenario_runner:/home/abdulrahman/carla-ros-bridge/catkin_ws/install/carla_common:/home/abdulrahman/orbit_carla_ws/install/map_publisher:/opt/ros/humble LD_LIBRARY_PATH=/home/abdulrahman/turtlebot3_ws/install/turtlebot3_msgs/lib:/home/abdulrahman/turtlebot3_ws/install/dynamixel_sdk/lib:${LD_LIBRARY_PATH} PYTHONPATH=/home/abdulrahman/turtlebot3_ws/install/turtlebot3_msgs/local/lib/python3.10/dist-packages:/home/abdulrahman/turtlebot3_ws/install/dynamixel_sdk/local/lib/python3.10/dist-packages:${PYTHONPATH} /usr/bin/cmake --build /home/abdulrahman/turtlebot3_ws/build/turtlebot3_node -- -j32 -l32
[10.454s] Invoking command in '/home/abdulrahman/turtlebot3_ws/build/turtlebot3_node': AMENT_PREFIX_PATH=/home/abdulrahman/turtlebot3_ws/install/turtlebot3_msgs:/home/abdulrahman/turtlebot3_ws/install/dynamixel_sdk:${AMENT_PREFIX_PATH} CMAKE_PREFIX_PATH=/home/abdulrahman/turtlebot3_ws/install/turtlebot3_msgs:/home/abdulrahman/turtlebot3_ws/install/dynamixel_sdk:/home/abdulrahman/carla-ros-bridge/catkin_ws/install/carla_ad_demo:/home/abdulrahman/carla-ros-bridge/catkin_ws/install/rviz_carla_plugin:/home/abdulrahman/carla-ros-bridge/catkin_ws/install/pcl_recorder:/home/abdulrahman/carla-ros-bridge/catkin_ws/install/carla_waypoint_types:/home/abdulrahman/carla-ros-bridge/catkin_ws/install/carla_ros_scenario_runner_types:/home/abdulrahman/carla-ros-bridge/catkin_ws/install/carla_ackermann_msgs:/home/abdulrahman/carla-ros-bridge/catkin_ws/install/carla_msgs:/home/abdulrahman/carla-ros-bridge/catkin_ws/install/rqt_carla_control:/home/abdulrahman/carla-ros-bridge/catkin_ws/install/carla_waypoint_publisher:/home/abdulrahman/carla-ros-bridge/catkin_ws/install/carla_ackermann_control:/home/abdulrahman/carla-ros-bridge/catkin_ws/install/carla_ros_bridge:/home/abdulrahman/carla-ros-bridge/catkin_ws/install/carla_spawn_objects:/home/abdulrahman/carla-ros-bridge/catkin_ws/install/carla_manual_control:/home/abdulrahman/carla-ros-bridge/catkin_ws/install/carla_ad_agent:/home/abdulrahman/carla-ros-bridge/catkin_ws/install/ros_compatibility:/home/abdulrahman/carla-ros-bridge/catkin_ws/install/carla_walker_agent:/home/abdulrahman/carla-ros-bridge/catkin_ws/install/carla_twist_to_control:/home/abdulrahman/carla-ros-bridge/catkin_ws/install/carla_ros_scenario_runner:/home/abdulrahman/carla-ros-bridge/catkin_ws/install/carla_common:/home/abdulrahman/orbit_carla_ws/install/map_publisher:/opt/ros/humble LD_LIBRARY_PATH=/home/abdulrahman/turtlebot3_ws/install/turtlebot3_msgs/lib:/home/abdulrahman/turtlebot3_ws/install/dynamixel_sdk/lib:${LD_LIBRARY_PATH} PYTHONPATH=/home/abdulrahman/turtlebot3_ws/install/turtlebot3_msgs/local/lib/python3.10/dist-packages:/home/abdulrahman/turtlebot3_ws/install/dynamixel_sdk/local/lib/python3.10/dist-packages:${PYTHONPATH} /usr/bin/cmake --install /home/abdulrahman/turtlebot3_ws/build/turtlebot3_node
[10.459s] -- Install configuration: ""
[10.460s] -- Execute custom install script
[10.460s] -- Symlinking: /home/abdulrahman/turtlebot3_ws/install/turtlebot3_node/share/turtlebot3_node/param/burger.yaml
[10.465s] -- Symlinking: /home/abdulrahman/turtlebot3_ws/install/turtlebot3_node/share/turtlebot3_node/param/waffle.yaml
[10.471s] -- Symlinking: /home/abdulrahman/turtlebot3_ws/install/turtlebot3_node/share/turtlebot3_node/param/waffle_pi.yaml
[10.476s] -- Symlinking: /home/abdulrahman/turtlebot3_ws/install/turtlebot3_node/lib/turtlebot3_node/turtlebot3_ros
[10.481s] -- Symlinking: /home/abdulrahman/turtlebot3_ws/install/turtlebot3_node/share/ament_index/resource_index/package_run_dependencies/turtlebot3_node
[10.487s] -- Symlinking: /home/abdulrahman/turtlebot3_ws/install/turtlebot3_node/share/ament_index/resource_index/parent_prefix_path/turtlebot3_node
[10.492s] -- Symlinking: /home/abdulrahman/turtlebot3_ws/install/turtlebot3_node/share/turtlebot3_node/environment/ament_prefix_path.sh
[10.496s] -- Symlinking: /home/abdulrahman/turtlebot3_ws/install/turtlebot3_node/share/turtlebot3_node/environment/ament_prefix_path.dsv
[10.500s] -- Symlinking: /home/abdulrahman/turtlebot3_ws/install/turtlebot3_node/share/turtlebot3_node/environment/path.sh
[10.504s] -- Symlinking: /home/abdulrahman/turtlebot3_ws/install/turtlebot3_node/share/turtlebot3_node/environment/path.dsv
[10.509s] -- Symlinking: /home/abdulrahman/turtlebot3_ws/install/turtlebot3_node/share/turtlebot3_node/local_setup.bash
[10.514s] -- Symlinking: /home/abdulrahman/turtlebot3_ws/install/turtlebot3_node/share/turtlebot3_node/local_setup.sh
[10.519s] -- Symlinking: /home/abdulrahman/turtlebot3_ws/install/turtlebot3_node/share/turtlebot3_node/local_setup.zsh
[10.524s] -- Symlinking: /home/abdulrahman/turtlebot3_ws/install/turtlebot3_node/share/turtlebot3_node/local_setup.dsv
[10.530s] -- Symlinking: /home/abdulrahman/turtlebot3_ws/install/turtlebot3_node/share/turtlebot3_node/package.dsv
[10.534s] -- Symlinking: /home/abdulrahman/turtlebot3_ws/install/turtlebot3_node/share/ament_index/resource_index/packages/turtlebot3_node
[10.538s] -- Symlinking: /home/abdulrahman/turtlebot3_ws/install/turtlebot3_node/share/turtlebot3_node/cmake/ament_cmake_export_dependencies-extras.cmake
[10.542s] -- Symlinking: /home/abdulrahman/turtlebot3_ws/install/turtlebot3_node/share/turtlebot3_node/cmake/ament_cmake_export_include_directories-extras.cmake
[10.547s] -- Symlinking: /home/abdulrahman/turtlebot3_ws/install/turtlebot3_node/share/turtlebot3_node/cmake/turtlebot3_nodeConfig.cmake
[10.551s] -- Symlinking: /home/abdulrahman/turtlebot3_ws/install/turtlebot3_node/share/turtlebot3_node/cmake/turtlebot3_nodeConfig-version.cmake
[10.557s] -- Symlinking: /home/abdulrahman/turtlebot3_ws/install/turtlebot3_node/share/turtlebot3_node/package.xml
[10.562s] Invoked command in '/home/abdulrahman/turtlebot3_ws/build/turtlebot3_node' returned '0': AMENT_PREFIX_PATH=/home/abdulrahman/turtlebot3_ws/install/turtlebot3_msgs:/home/abdulrahman/turtlebot3_ws/install/dynamixel_sdk:${AMENT_PREFIX_PATH} CMAKE_PREFIX_PATH=/home/abdulrahman/turtlebot3_ws/install/turtlebot3_msgs:/home/abdulrahman/turtlebot3_ws/install/dynamixel_sdk:/home/abdulrahman/carla-ros-bridge/catkin_ws/install/carla_ad_demo:/home/abdulrahman/carla-ros-bridge/catkin_ws/install/rviz_carla_plugin:/home/abdulrahman/carla-ros-bridge/catkin_ws/install/pcl_recorder:/home/abdulrahman/carla-ros-bridge/catkin_ws/install/carla_waypoint_types:/home/abdulrahman/carla-ros-bridge/catkin_ws/install/carla_ros_scenario_runner_types:/home/abdulrahman/carla-ros-bridge/catkin_ws/install/carla_ackermann_msgs:/home/abdulrahman/carla-ros-bridge/catkin_ws/install/carla_msgs:/home/abdulrahman/carla-ros-bridge/catkin_ws/install/rqt_carla_control:/home/abdulrahman/carla-ros-bridge/catkin_ws/install/carla_waypoint_publisher:/home/abdulrahman/carla-ros-bridge/catkin_ws/install/carla_ackermann_control:/home/abdulrahman/carla-ros-bridge/catkin_ws/install/carla_ros_bridge:/home/abdulrahman/carla-ros-bridge/catkin_ws/install/carla_spawn_objects:/home/abdulrahman/carla-ros-bridge/catkin_ws/install/carla_manual_control:/home/abdulrahman/carla-ros-bridge/catkin_ws/install/carla_ad_agent:/home/abdulrahman/carla-ros-bridge/catkin_ws/install/ros_compatibility:/home/abdulrahman/carla-ros-bridge/catkin_ws/install/carla_walker_agent:/home/abdulrahman/carla-ros-bridge/catkin_ws/install/carla_twist_to_control:/home/abdulrahman/carla-ros-bridge/catkin_ws/install/carla_ros_scenario_runner:/home/abdulrahman/carla-ros-bridge/catkin_ws/install/carla_common:/home/abdulrahman/orbit_carla_ws/install/map_publisher:/opt/ros/humble LD_LIBRARY_PATH=/home/abdulrahman/turtlebot3_ws/install/turtlebot3_msgs/lib:/home/abdulrahman/turtlebot3_ws/install/dynamixel_sdk/lib:${LD_LIBRARY_PATH} PYTHONPATH=/home/abdulrahman/turtlebot3_ws/install/turtlebot3_msgs/local/lib/python3.10/dist-packages:/home/abdulrahman/turtlebot3_ws/install/dynamixel_sdk/local/lib/python3.10/dist-packages:${PYTHONPATH} /usr/bin/cmake --install /home/abdulrahman/turtlebot3_ws/build/turtlebot3_node
