[0.026s] Invoking command in '/home/abdulrahman/turtlebot3_ws/build/dynamixel_sdk': CMAKE_PREFIX_PATH=${CMAKE_PREFIX_PATH}:/home/abdulrahman/carla-ros-bridge/catkin_ws/install/rqt_carla_control:/home/abdulrahman/carla-ros-bridge/catkin_ws/install/carla_waypoint_publisher:/home/abdulrahman/carla-ros-bridge/catkin_ws/install/carla_ackermann_control:/home/abdulrahman/carla-ros-bridge/catkin_ws/install/carla_ros_bridge:/home/abdulrahman/carla-ros-bridge/catkin_ws/install/carla_spawn_objects:/home/abdulrahman/carla-ros-bridge/catkin_ws/install/carla_manual_control:/home/abdulrahman/carla-ros-bridge/catkin_ws/install/carla_ad_agent:/home/abdulrahman/carla-ros-bridge/catkin_ws/install/ros_compatibility:/home/abdulrahman/carla-ros-bridge/catkin_ws/install/carla_walker_agent:/home/abdulrahman/carla-ros-bridge/catkin_ws/install/carla_twist_to_control:/home/abdulrahman/carla-ros-bridge/catkin_ws/install/carla_ros_scenario_runner:/home/abdulrahman/carla-ros-bridge/catkin_ws/install/carla_common:/home/abdulrahman/orbit_carla_ws/install/map_publisher:/opt/ros/humble /usr/bin/cmake /home/abdulrahman/turtlebot3_ws/src/DynamixelSDK/ros/dynamixel_sdk -DAMENT_CMAKE_SYMLINK_INSTALL=1 -DCMAKE_INSTALL_PREFIX=/home/abdulrahman/turtlebot3_ws/install/dynamixel_sdk
[0.115s] -- The C compiler identification is GNU 11.4.0
[0.169s] -- The CXX compiler identification is GNU 11.4.0
[0.174s] -- Detecting C compiler ABI info
[0.216s] -- Detecting C compiler ABI info - done
[0.222s] -- Check for working C compiler: /usr/bin/cc - skipped
[0.222s] -- Detecting C compile features
[0.223s] -- Detecting C compile features - done
[0.225s] -- Detecting CXX compiler ABI info
[0.271s] -- Detecting CXX compiler ABI info - done
[0.275s] -- Check for working CXX compiler: /usr/bin/c++ - skipped
[0.275s] -- Detecting CXX compile features
[0.275s] -- Detecting CXX compile features - done
[0.279s] -- Found ament_cmake: 1.3.11 (/opt/ros/humble/share/ament_cmake/cmake)
[0.514s] -- Found Python3: /usr/bin/python3 (found version "3.10.12") found components: Interpreter 
[0.560s] -- Override CMake install command with custom implementation using symlinks instead of copying resources
[0.673s] -- Configuring done
[0.675s] -- Generating done
[0.676s] -- Build files have been written to: /home/abdulrahman/turtlebot3_ws/build/dynamixel_sdk
[0.678s] Invoked command in '/home/abdulrahman/turtlebot3_ws/build/dynamixel_sdk' returned '0': CMAKE_PREFIX_PATH=${CMAKE_PREFIX_PATH}:/home/abdulrahman/carla-ros-bridge/catkin_ws/install/rqt_carla_control:/home/abdulrahman/carla-ros-bridge/catkin_ws/install/carla_waypoint_publisher:/home/abdulrahman/carla-ros-bridge/catkin_ws/install/carla_ackermann_control:/home/abdulrahman/carla-ros-bridge/catkin_ws/install/carla_ros_bridge:/home/abdulrahman/carla-ros-bridge/catkin_ws/install/carla_spawn_objects:/home/abdulrahman/carla-ros-bridge/catkin_ws/install/carla_manual_control:/home/abdulrahman/carla-ros-bridge/catkin_ws/install/carla_ad_agent:/home/abdulrahman/carla-ros-bridge/catkin_ws/install/ros_compatibility:/home/abdulrahman/carla-ros-bridge/catkin_ws/install/carla_walker_agent:/home/abdulrahman/carla-ros-bridge/catkin_ws/install/carla_twist_to_control:/home/abdulrahman/carla-ros-bridge/catkin_ws/install/carla_ros_scenario_runner:/home/abdulrahman/carla-ros-bridge/catkin_ws/install/carla_common:/home/abdulrahman/orbit_carla_ws/install/map_publisher:/opt/ros/humble /usr/bin/cmake /home/abdulrahman/turtlebot3_ws/src/DynamixelSDK/ros/dynamixel_sdk -DAMENT_CMAKE_SYMLINK_INSTALL=1 -DCMAKE_INSTALL_PREFIX=/home/abdulrahman/turtlebot3_ws/install/dynamixel_sdk
[0.679s] Invoking command in '/home/abdulrahman/turtlebot3_ws/build/dynamixel_sdk': CMAKE_PREFIX_PATH=${CMAKE_PREFIX_PATH}:/home/abdulrahman/carla-ros-bridge/catkin_ws/install/rqt_carla_control:/home/abdulrahman/carla-ros-bridge/catkin_ws/install/carla_waypoint_publisher:/home/abdulrahman/carla-ros-bridge/catkin_ws/install/carla_ackermann_control:/home/abdulrahman/carla-ros-bridge/catkin_ws/install/carla_ros_bridge:/home/abdulrahman/carla-ros-bridge/catkin_ws/install/carla_spawn_objects:/home/abdulrahman/carla-ros-bridge/catkin_ws/install/carla_manual_control:/home/abdulrahman/carla-ros-bridge/catkin_ws/install/carla_ad_agent:/home/abdulrahman/carla-ros-bridge/catkin_ws/install/ros_compatibility:/home/abdulrahman/carla-ros-bridge/catkin_ws/install/carla_walker_agent:/home/abdulrahman/carla-ros-bridge/catkin_ws/install/carla_twist_to_control:/home/abdulrahman/carla-ros-bridge/catkin_ws/install/carla_ros_scenario_runner:/home/abdulrahman/carla-ros-bridge/catkin_ws/install/carla_common:/home/abdulrahman/orbit_carla_ws/install/map_publisher:/opt/ros/humble /usr/bin/cmake --build /home/abdulrahman/turtlebot3_ws/build/dynamixel_sdk -- -j32 -l32
[0.710s] [  7%] [32mBuilding CXX object CMakeFiles/dynamixel_sdk.dir/src/dynamixel_sdk/protocol2_packet_handler.cpp.o[0m
[0.711s] [ 15%] [32mBuilding CXX object CMakeFiles/dynamixel_sdk.dir/src/dynamixel_sdk/group_sync_write.cpp.o[0m
[0.711s] [ 23%] [32mBuilding CXX object CMakeFiles/dynamixel_sdk.dir/src/dynamixel_sdk/packet_handler.cpp.o[0m
[0.712s] [ 30%] [32mBuilding CXX object CMakeFiles/dynamixel_sdk.dir/src/dynamixel_sdk/group_fast_bulk_read.cpp.o[0m
[0.712s] [ 38%] [32mBuilding CXX object CMakeFiles/dynamixel_sdk.dir/src/dynamixel_sdk/protocol1_packet_handler.cpp.o[0m
[0.712s] [ 46%] [32mBuilding CXX object CMakeFiles/dynamixel_sdk.dir/src/dynamixel_sdk/group_sync_read.cpp.o[0m
[0.712s] [ 53%] [32mBuilding CXX object CMakeFiles/dynamixel_sdk.dir/src/dynamixel_sdk/port_handler.cpp.o[0m
[0.712s] [ 61%] [32mBuilding CXX object CMakeFiles/dynamixel_sdk.dir/src/dynamixel_sdk/port_handler_linux.cpp.o[0m
[0.713s] [ 69%] [32mBuilding CXX object CMakeFiles/dynamixel_sdk.dir/src/dynamixel_sdk/group_bulk_read.cpp.o[0m
[0.713s] [ 76%] [32mBuilding CXX object CMakeFiles/dynamixel_sdk.dir/src/dynamixel_sdk/group_bulk_write.cpp.o[0m
[0.714s] [ 92%] [32mBuilding CXX object CMakeFiles/dynamixel_sdk.dir/src/dynamixel_sdk/group_fast_sync_read.cpp.o[0m
[0.714s] [ 92%] [32mBuilding CXX object CMakeFiles/dynamixel_sdk.dir/src/dynamixel_sdk/group_handler.cpp.o[0m
[0.716s] [ 92%] Built target ament_cmake_python_symlink_dynamixel_sdk
[0.840s] running egg_info
[0.841s] creating dynamixel_sdk.egg-info
[0.849s] writing dynamixel_sdk.egg-info/PKG-INFO
[0.850s] writing dependency_links to dynamixel_sdk.egg-info/dependency_links.txt
[0.850s] writing top-level names to dynamixel_sdk.egg-info/top_level.txt
[0.850s] writing manifest file 'dynamixel_sdk.egg-info/SOURCES.txt'
[0.873s] reading manifest file 'dynamixel_sdk.egg-info/SOURCES.txt'
[0.875s] writing manifest file 'dynamixel_sdk.egg-info/SOURCES.txt'
[0.892s] [ 92%] Built target ament_cmake_python_build_dynamixel_sdk_egg
[1.024s] [100%] [32m[1mLinking CXX shared library libdynamixel_sdk.so[0m
[1.072s] [100%] Built target dynamixel_sdk
[1.081s] Invoked command in '/home/abdulrahman/turtlebot3_ws/build/dynamixel_sdk' returned '0': CMAKE_PREFIX_PATH=${CMAKE_PREFIX_PATH}:/home/abdulrahman/carla-ros-bridge/catkin_ws/install/rqt_carla_control:/home/abdulrahman/carla-ros-bridge/catkin_ws/install/carla_waypoint_publisher:/home/abdulrahman/carla-ros-bridge/catkin_ws/install/carla_ackermann_control:/home/abdulrahman/carla-ros-bridge/catkin_ws/install/carla_ros_bridge:/home/abdulrahman/carla-ros-bridge/catkin_ws/install/carla_spawn_objects:/home/abdulrahman/carla-ros-bridge/catkin_ws/install/carla_manual_control:/home/abdulrahman/carla-ros-bridge/catkin_ws/install/carla_ad_agent:/home/abdulrahman/carla-ros-bridge/catkin_ws/install/ros_compatibility:/home/abdulrahman/carla-ros-bridge/catkin_ws/install/carla_walker_agent:/home/abdulrahman/carla-ros-bridge/catkin_ws/install/carla_twist_to_control:/home/abdulrahman/carla-ros-bridge/catkin_ws/install/carla_ros_scenario_runner:/home/abdulrahman/carla-ros-bridge/catkin_ws/install/carla_common:/home/abdulrahman/orbit_carla_ws/install/map_publisher:/opt/ros/humble /usr/bin/cmake --build /home/abdulrahman/turtlebot3_ws/build/dynamixel_sdk -- -j32 -l32
[1.082s] Invoking command in '/home/abdulrahman/turtlebot3_ws/build/dynamixel_sdk': CMAKE_PREFIX_PATH=${CMAKE_PREFIX_PATH}:/home/abdulrahman/carla-ros-bridge/catkin_ws/install/rqt_carla_control:/home/abdulrahman/carla-ros-bridge/catkin_ws/install/carla_waypoint_publisher:/home/abdulrahman/carla-ros-bridge/catkin_ws/install/carla_ackermann_control:/home/abdulrahman/carla-ros-bridge/catkin_ws/install/carla_ros_bridge:/home/abdulrahman/carla-ros-bridge/catkin_ws/install/carla_spawn_objects:/home/abdulrahman/carla-ros-bridge/catkin_ws/install/carla_manual_control:/home/abdulrahman/carla-ros-bridge/catkin_ws/install/carla_ad_agent:/home/abdulrahman/carla-ros-bridge/catkin_ws/install/ros_compatibility:/home/abdulrahman/carla-ros-bridge/catkin_ws/install/carla_walker_agent:/home/abdulrahman/carla-ros-bridge/catkin_ws/install/carla_twist_to_control:/home/abdulrahman/carla-ros-bridge/catkin_ws/install/carla_ros_scenario_runner:/home/abdulrahman/carla-ros-bridge/catkin_ws/install/carla_common:/home/abdulrahman/orbit_carla_ws/install/map_publisher:/opt/ros/humble /usr/bin/cmake --install /home/abdulrahman/turtlebot3_ws/build/dynamixel_sdk
[1.086s] -- Install configuration: ""
[1.086s] -- Execute custom install script
[1.087s] -- Symlinking: /home/abdulrahman/turtlebot3_ws/install/dynamixel_sdk/include//dynamixel_sdk/dynamixel_sdk.h
[1.093s] -- Symlinking: /home/abdulrahman/turtlebot3_ws/install/dynamixel_sdk/include//dynamixel_sdk/group_bulk_read.h
[1.097s] -- Symlinking: /home/abdulrahman/turtlebot3_ws/install/dynamixel_sdk/include//dynamixel_sdk/group_bulk_write.h
[1.102s] -- Symlinking: /home/abdulrahman/turtlebot3_ws/install/dynamixel_sdk/include//dynamixel_sdk/group_fast_bulk_read.h
[1.106s] -- Symlinking: /home/abdulrahman/turtlebot3_ws/install/dynamixel_sdk/include//dynamixel_sdk/group_fast_sync_read.h
[1.110s] -- Symlinking: /home/abdulrahman/turtlebot3_ws/install/dynamixel_sdk/include//dynamixel_sdk/group_handler.h
[1.115s] -- Symlinking: /home/abdulrahman/turtlebot3_ws/install/dynamixel_sdk/include//dynamixel_sdk/group_sync_read.h
[1.119s] -- Symlinking: /home/abdulrahman/turtlebot3_ws/install/dynamixel_sdk/include//dynamixel_sdk/group_sync_write.h
[1.125s] -- Symlinking: /home/abdulrahman/turtlebot3_ws/install/dynamixel_sdk/include//dynamixel_sdk/packet_handler.h
[1.130s] -- Symlinking: /home/abdulrahman/turtlebot3_ws/install/dynamixel_sdk/include//dynamixel_sdk/port_handler.h
[1.134s] -- Symlinking: /home/abdulrahman/turtlebot3_ws/install/dynamixel_sdk/include//dynamixel_sdk/port_handler_arduino.h
[1.139s] -- Symlinking: /home/abdulrahman/turtlebot3_ws/install/dynamixel_sdk/include//dynamixel_sdk/port_handler_linux.h
[1.144s] -- Symlinking: /home/abdulrahman/turtlebot3_ws/install/dynamixel_sdk/include//dynamixel_sdk/port_handler_mac.h
[1.148s] -- Symlinking: /home/abdulrahman/turtlebot3_ws/install/dynamixel_sdk/include//dynamixel_sdk/port_handler_windows.h
[1.152s] -- Symlinking: /home/abdulrahman/turtlebot3_ws/install/dynamixel_sdk/include//dynamixel_sdk/protocol1_packet_handler.h
[1.156s] -- Symlinking: /home/abdulrahman/turtlebot3_ws/install/dynamixel_sdk/include//dynamixel_sdk/protocol2_packet_handler.h
[1.162s] -- Symlinking: /home/abdulrahman/turtlebot3_ws/install/dynamixel_sdk/share/dynamixel_sdk/environment/pythonpath.sh
[1.166s] -- Symlinking: /home/abdulrahman/turtlebot3_ws/install/dynamixel_sdk/share/dynamixel_sdk/environment/pythonpath.dsv
[1.172s] -- Symlinking: /home/abdulrahman/turtlebot3_ws/install/dynamixel_sdk/local/lib/python3.10/dist-packages/dynamixel_sdk-3.8.4-py3.10.egg-info/PKG-INFO
[1.176s] -- Symlinking: /home/abdulrahman/turtlebot3_ws/install/dynamixel_sdk/local/lib/python3.10/dist-packages/dynamixel_sdk-3.8.4-py3.10.egg-info/SOURCES.txt
[1.180s] -- Symlinking: /home/abdulrahman/turtlebot3_ws/install/dynamixel_sdk/local/lib/python3.10/dist-packages/dynamixel_sdk-3.8.4-py3.10.egg-info/dependency_links.txt
[1.184s] -- Symlinking: /home/abdulrahman/turtlebot3_ws/install/dynamixel_sdk/local/lib/python3.10/dist-packages/dynamixel_sdk-3.8.4-py3.10.egg-info/top_level.txt
[1.190s] -- Symlinking: /home/abdulrahman/turtlebot3_ws/install/dynamixel_sdk/local/lib/python3.10/dist-packages/dynamixel_sdk/__init__.py
[1.196s] -- Symlinking: /home/abdulrahman/turtlebot3_ws/install/dynamixel_sdk/local/lib/python3.10/dist-packages/dynamixel_sdk/group_bulk_read.cpp
[1.200s] -- Symlinking: /home/abdulrahman/turtlebot3_ws/install/dynamixel_sdk/local/lib/python3.10/dist-packages/dynamixel_sdk/group_bulk_read.py
[1.205s] -- Symlinking: /home/abdulrahman/turtlebot3_ws/install/dynamixel_sdk/local/lib/python3.10/dist-packages/dynamixel_sdk/group_bulk_write.cpp
[1.209s] -- Symlinking: /home/abdulrahman/turtlebot3_ws/install/dynamixel_sdk/local/lib/python3.10/dist-packages/dynamixel_sdk/group_bulk_write.py
[1.215s] -- Symlinking: /home/abdulrahman/turtlebot3_ws/install/dynamixel_sdk/local/lib/python3.10/dist-packages/dynamixel_sdk/group_fast_bulk_read.cpp
[1.221s] -- Symlinking: /home/abdulrahman/turtlebot3_ws/install/dynamixel_sdk/local/lib/python3.10/dist-packages/dynamixel_sdk/group_fast_sync_read.cpp
[1.225s] -- Symlinking: /home/abdulrahman/turtlebot3_ws/install/dynamixel_sdk/local/lib/python3.10/dist-packages/dynamixel_sdk/group_handler.cpp
[1.231s] -- Symlinking: /home/abdulrahman/turtlebot3_ws/install/dynamixel_sdk/local/lib/python3.10/dist-packages/dynamixel_sdk/group_sync_read.cpp
[1.236s] -- Symlinking: /home/abdulrahman/turtlebot3_ws/install/dynamixel_sdk/local/lib/python3.10/dist-packages/dynamixel_sdk/group_sync_read.py
[1.240s] -- Symlinking: /home/abdulrahman/turtlebot3_ws/install/dynamixel_sdk/local/lib/python3.10/dist-packages/dynamixel_sdk/group_sync_write.cpp
[1.245s] -- Symlinking: /home/abdulrahman/turtlebot3_ws/install/dynamixel_sdk/local/lib/python3.10/dist-packages/dynamixel_sdk/group_sync_write.py
[1.252s] -- Symlinking: /home/abdulrahman/turtlebot3_ws/install/dynamixel_sdk/local/lib/python3.10/dist-packages/dynamixel_sdk/packet_handler.cpp
[1.256s] -- Symlinking: /home/abdulrahman/turtlebot3_ws/install/dynamixel_sdk/local/lib/python3.10/dist-packages/dynamixel_sdk/packet_handler.py
[1.262s] -- Symlinking: /home/abdulrahman/turtlebot3_ws/install/dynamixel_sdk/local/lib/python3.10/dist-packages/dynamixel_sdk/port_handler.cpp
[1.265s] -- Symlinking: /home/abdulrahman/turtlebot3_ws/install/dynamixel_sdk/local/lib/python3.10/dist-packages/dynamixel_sdk/port_handler.py
[1.271s] -- Symlinking: /home/abdulrahman/turtlebot3_ws/install/dynamixel_sdk/local/lib/python3.10/dist-packages/dynamixel_sdk/port_handler_arduino.cpp
[1.277s] -- Symlinking: /home/abdulrahman/turtlebot3_ws/install/dynamixel_sdk/local/lib/python3.10/dist-packages/dynamixel_sdk/port_handler_linux.cpp
[1.281s] -- Symlinking: /home/abdulrahman/turtlebot3_ws/install/dynamixel_sdk/local/lib/python3.10/dist-packages/dynamixel_sdk/port_handler_mac.cpp
[1.286s] -- Symlinking: /home/abdulrahman/turtlebot3_ws/install/dynamixel_sdk/local/lib/python3.10/dist-packages/dynamixel_sdk/port_handler_windows.cpp
[1.292s] -- Symlinking: /home/abdulrahman/turtlebot3_ws/install/dynamixel_sdk/local/lib/python3.10/dist-packages/dynamixel_sdk/protocol1_packet_handler.cpp
[1.296s] -- Symlinking: /home/abdulrahman/turtlebot3_ws/install/dynamixel_sdk/local/lib/python3.10/dist-packages/dynamixel_sdk/protocol1_packet_handler.py
[1.302s] -- Symlinking: /home/abdulrahman/turtlebot3_ws/install/dynamixel_sdk/local/lib/python3.10/dist-packages/dynamixel_sdk/protocol2_packet_handler.cpp
[1.307s] -- Symlinking: /home/abdulrahman/turtlebot3_ws/install/dynamixel_sdk/local/lib/python3.10/dist-packages/dynamixel_sdk/protocol2_packet_handler.py
[1.313s] -- Symlinking: /home/abdulrahman/turtlebot3_ws/install/dynamixel_sdk/local/lib/python3.10/dist-packages/dynamixel_sdk/robotis_def.py
[1.318s] -- Symlinking: /home/abdulrahman/turtlebot3_ws/install/dynamixel_sdk/share/dynamixel_sdk/environment/library_path.sh
[1.324s] -- Symlinking: /home/abdulrahman/turtlebot3_ws/install/dynamixel_sdk/share/dynamixel_sdk/environment/library_path.dsv
[1.330s] -- Symlinking: /home/abdulrahman/turtlebot3_ws/install/dynamixel_sdk/share/ament_index/resource_index/package_run_dependencies/dynamixel_sdk
[1.335s] -- Symlinking: /home/abdulrahman/turtlebot3_ws/install/dynamixel_sdk/share/ament_index/resource_index/parent_prefix_path/dynamixel_sdk
[1.340s] -- Symlinking: /home/abdulrahman/turtlebot3_ws/install/dynamixel_sdk/share/dynamixel_sdk/environment/ament_prefix_path.sh
[1.346s] -- Symlinking: /home/abdulrahman/turtlebot3_ws/install/dynamixel_sdk/share/dynamixel_sdk/environment/ament_prefix_path.dsv
[1.351s] -- Symlinking: /home/abdulrahman/turtlebot3_ws/install/dynamixel_sdk/share/dynamixel_sdk/environment/path.sh
[1.355s] -- Symlinking: /home/abdulrahman/turtlebot3_ws/install/dynamixel_sdk/share/dynamixel_sdk/environment/path.dsv
[1.360s] -- Symlinking: /home/abdulrahman/turtlebot3_ws/install/dynamixel_sdk/share/dynamixel_sdk/local_setup.bash
[1.366s] -- Symlinking: /home/abdulrahman/turtlebot3_ws/install/dynamixel_sdk/share/dynamixel_sdk/local_setup.sh
[1.371s] -- Symlinking: /home/abdulrahman/turtlebot3_ws/install/dynamixel_sdk/share/dynamixel_sdk/local_setup.zsh
[1.375s] -- Symlinking: /home/abdulrahman/turtlebot3_ws/install/dynamixel_sdk/share/dynamixel_sdk/local_setup.dsv
[1.381s] -- Symlinking: /home/abdulrahman/turtlebot3_ws/install/dynamixel_sdk/share/dynamixel_sdk/package.dsv
[1.387s] -- Symlinking: /home/abdulrahman/turtlebot3_ws/install/dynamixel_sdk/share/ament_index/resource_index/packages/dynamixel_sdk
[1.392s] -- Symlinking: /home/abdulrahman/turtlebot3_ws/install/dynamixel_sdk/share/dynamixel_sdk/cmake/ament_cmake_export_targets-extras.cmake
[1.398s] -- Symlinking: /home/abdulrahman/turtlebot3_ws/install/dynamixel_sdk/share/dynamixel_sdk/cmake/ament_cmake_export_include_directories-extras.cmake
[1.404s] -- Symlinking: /home/abdulrahman/turtlebot3_ws/install/dynamixel_sdk/share/dynamixel_sdk/cmake/ament_cmake_export_libraries-extras.cmake
[1.409s] -- Symlinking: /home/abdulrahman/turtlebot3_ws/install/dynamixel_sdk/share/dynamixel_sdk/cmake/dynamixel_sdkConfig.cmake
[1.414s] -- Symlinking: /home/abdulrahman/turtlebot3_ws/install/dynamixel_sdk/share/dynamixel_sdk/cmake/dynamixel_sdkConfig-version.cmake
[1.420s] -- Symlinking: /home/abdulrahman/turtlebot3_ws/install/dynamixel_sdk/share/dynamixel_sdk/package.xml
[1.425s] -- Installing: /home/abdulrahman/turtlebot3_ws/install/dynamixel_sdk/lib/libdynamixel_sdk.so
[1.457s] Listing '/home/abdulrahman/turtlebot3_ws/install/dynamixel_sdk/local/lib/python3.10/dist-packages/dynamixel_sdk'...
[1.457s] Compiling '/home/abdulrahman/turtlebot3_ws/install/dynamixel_sdk/local/lib/python3.10/dist-packages/dynamixel_sdk/__init__.py'...
[1.457s] Compiling '/home/abdulrahman/turtlebot3_ws/install/dynamixel_sdk/local/lib/python3.10/dist-packages/dynamixel_sdk/group_bulk_read.py'...
[1.457s] Compiling '/home/abdulrahman/turtlebot3_ws/install/dynamixel_sdk/local/lib/python3.10/dist-packages/dynamixel_sdk/group_bulk_write.py'...
[1.457s] Compiling '/home/abdulrahman/turtlebot3_ws/install/dynamixel_sdk/local/lib/python3.10/dist-packages/dynamixel_sdk/group_sync_read.py'...
[1.457s] Compiling '/home/abdulrahman/turtlebot3_ws/install/dynamixel_sdk/local/lib/python3.10/dist-packages/dynamixel_sdk/group_sync_write.py'...
[1.457s] Compiling '/home/abdulrahman/turtlebot3_ws/install/dynamixel_sdk/local/lib/python3.10/dist-packages/dynamixel_sdk/packet_handler.py'...
[1.457s] Compiling '/home/abdulrahman/turtlebot3_ws/install/dynamixel_sdk/local/lib/python3.10/dist-packages/dynamixel_sdk/port_handler.py'...
[1.457s] Compiling '/home/abdulrahman/turtlebot3_ws/install/dynamixel_sdk/local/lib/python3.10/dist-packages/dynamixel_sdk/protocol1_packet_handler.py'...
[1.457s] Compiling '/home/abdulrahman/turtlebot3_ws/install/dynamixel_sdk/local/lib/python3.10/dist-packages/dynamixel_sdk/protocol2_packet_handler.py'...
[1.458s] Compiling '/home/abdulrahman/turtlebot3_ws/install/dynamixel_sdk/local/lib/python3.10/dist-packages/dynamixel_sdk/robotis_def.py'...
[1.460s] -- Installing: /home/abdulrahman/turtlebot3_ws/install/dynamixel_sdk/share/dynamixel_sdk/cmake/dynamixel_sdkExport.cmake
[1.460s] -- Installing: /home/abdulrahman/turtlebot3_ws/install/dynamixel_sdk/share/dynamixel_sdk/cmake/dynamixel_sdkExport-noconfig.cmake
[1.461s] Invoked command in '/home/abdulrahman/turtlebot3_ws/build/dynamixel_sdk' returned '0': CMAKE_PREFIX_PATH=${CMAKE_PREFIX_PATH}:/home/abdulrahman/carla-ros-bridge/catkin_ws/install/rqt_carla_control:/home/abdulrahman/carla-ros-bridge/catkin_ws/install/carla_waypoint_publisher:/home/abdulrahman/carla-ros-bridge/catkin_ws/install/carla_ackermann_control:/home/abdulrahman/carla-ros-bridge/catkin_ws/install/carla_ros_bridge:/home/abdulrahman/carla-ros-bridge/catkin_ws/install/carla_spawn_objects:/home/abdulrahman/carla-ros-bridge/catkin_ws/install/carla_manual_control:/home/abdulrahman/carla-ros-bridge/catkin_ws/install/carla_ad_agent:/home/abdulrahman/carla-ros-bridge/catkin_ws/install/ros_compatibility:/home/abdulrahman/carla-ros-bridge/catkin_ws/install/carla_walker_agent:/home/abdulrahman/carla-ros-bridge/catkin_ws/install/carla_twist_to_control:/home/abdulrahman/carla-ros-bridge/catkin_ws/install/carla_ros_scenario_runner:/home/abdulrahman/carla-ros-bridge/catkin_ws/install/carla_common:/home/abdulrahman/orbit_carla_ws/install/map_publisher:/opt/ros/humble /usr/bin/cmake --install /home/abdulrahman/turtlebot3_ws/build/dynamixel_sdk
